<?xml version="1.0" encoding="UTF-8"?>
<!-- Generated by org.testng.reporters.JUnitXMLReporter -->
<testsuite hostname="DESKTOP-VHA8JGD" ignored="0" name="sanity test" tests="7" failures="1" timestamp="27 Oct 2018 04:57:49 GMT" time="229.351" errors="0">
  <testcase name="loginPageTitleTest" time="0.072" classname="com.crm.qa.testcases.LoginPageTest"/>
  <testcase name="verifyHomePageTitleTest" time="0.013" classname="com.crm.qa.testcases.HomePageTest"/>
  <testcase name="verifyContactsPageTest" time="40.35" classname="com.crm.qa.testcases.ContactsPageTest">
    <failure type="org.openqa.selenium.NoSuchFrameException" message="No frame element found by name or id mainpanel
Build info: version: &amp;apos;3.14.0&amp;apos;, revision: &amp;apos;aacccce0&amp;apos;, time: &amp;apos;2018-08-02T20:19:58.91Z&amp;apos;
System info: host: &amp;apos;DESKTOP-VHA8JGD&amp;apos;, ip: &amp;apos;192.168.0.104&amp;apos;, os.name: &amp;apos;Windows 10&amp;apos;, os.arch: &amp;apos;x86&amp;apos;, os.version: &amp;apos;10.0&amp;apos;, java.version: &amp;apos;1.8.0_181&amp;apos;
Driver info: driver.version: unknown">
      <![CDATA[org.openqa.selenium.NoSuchFrameException: No frame element found by name or id mainpanel
Build info: version: '3.14.0', revision: 'aacccce0', time: '2018-08-02T20:19:58.91Z'
System info: host: 'DESKTOP-VHA8JGD', ip: '192.168.0.104', os.name: 'Windows 10', os.arch: 'x86', os.version: '10.0', java.version: '1.8.0_181'
Driver info: driver.version: unknown
at org.openqa.selenium.remote.RemoteWebDriver$RemoteTargetLocator.frame(RemoteWebDriver.java:881)
at com.crm.qa.util.TestUtil.switchToFrame(TestUtil.java:12)
at com.crm.qa.testcases.ContactsPageTest.verifyContactsPageTest(ContactsPageTest.java:37)
... Removed 25 stack frames]]>
    </failure>
  </testcase> <!-- verifyContactsPageTest -->
  <testcase name="crmLogoImageTest" time="0.207" classname="com.crm.qa.testcases.LoginPageTest"/>
  <testcase name="verifyUserNameTest" time="0.173" classname="com.crm.qa.testcases.HomePageTest"/>
  <testcase name="loginTest" time="7.551" classname="com.crm.qa.testcases.LoginPageTest"/>
  <testcase name="verifyContactLinkTest" time="2.714" classname="com.crm.qa.testcases.HomePageTest"/>
</testsuite> <!-- sanity test -->
